<?xml version="1.0" encoding="UTF-8"?>
<!-- Generated by org.testng.reporters.JUnitReportReporter -->
<testsuite skipped="0" hostname="SadakarP" name="com.sadakar.testng.runner.RunCucumberTest" tests="2" failures="0" timestamp="2022-07-06T20:21:18 IST" time="27.079" errors="0">
  <testcase name="runScenario" time="12.332" classname="com.sadakar.testng.runner.RunCucumberTest"/>
  <system-out/>
  <testcase name="runScenario" time="14.747" classname="com.sadakar.testng.runner.RunCucumberTest"/>
  <system-out/>
</testsuite> <!-- com.sadakar.testng.runner.RunCucumberTest -->
